
ROM used:   3799/8192 (46%)
            3874/8192 (47%) including unused fragments

            2.2 Average locations per line
            12.4 Average locations per statement

RAM used:   134/368 (36%) at main() level
            203/368 (55%) worst case

Stack used: 5 worst case (4 in main + 1 for interrupts)
Stack size: 8

Lines Stmts  %   Files
----- ----- ---  -----
  379   177  58  main.c
   11     0   0  main.h
  809     0   0  C:\Program Files (x86)\PICC\Devices\16F887.h
  435   129  42  C:\Program Files (x86)\PICC\Drivers\string.h
   32     0   0  C:\Program Files (x86)\PICC\Drivers\stddef.h
   28     0   0  C:\Program Files (x86)\PICC\Drivers\ctype.h
----- -----
 1694   306 Total

Page ROM  %  RAM    Vol Diff  Functions:
---- --- --- ---    --- ----  ----------
0     20   1    1             @delay_ms1
0     19   1    1             @delay_us1
 Inline         0             @GETCH_BIU_1
 Inline        10    351  7.0  strncat
0     82   2    9    318  6.5  strstr
0     93   2    0     66  2.3  RDA_isr
0     14   0    0     50  1.5  timer1_isr
1    610  16    2   1390  7.7  MAIN
0      4   0    0             @const826
0    110   3    4             @PSTRINGC7_9600_62_63
0    330   9   16             @ADDFF
0      5   0    0             @const834
0     33   1    2             @ITOF
1    206   5   14             @DIVFF
0     67   2   10             @FLT
0     21   1    0             @const843
0     86   2    5             @PSTRINGCN7_9600_62_63
0    121   3   13             @MULFF
 Inline         5             @FTOSD
1     83   2   13             @DIV3232
1    317   8   14             @PRINTF_L32D_9600_62_63FPFPF
0     22   1    0             @const858
0     23   1    0             @const860
1    382  10   20   1989 13.1  dht22_read
1    228   6   18    317  4.8  dust_read
0    102   3   16    346  6.0  wait_for_response
0    125   3   12    240  3.5  check_wifi
0      7   0    0             @const878
0      7   0    0             @const880
0    265   7   15    598  5.1  setup_mqtt
0      8   0    0             @const882
0      9   0    0             @const885
0     27   1    0             @const887
0     20   1    0             @const889
0     20   1    0             @const891
0     17   0    0             @const893
0    171   5   27    477  5.2  mqtt_loop
0     16   0    0    477  5.2  @const895
0     19   1    0             @const897
0     20   1    0             @const898
 Inline         0             @cinit1

Program metrics:
    Functions               12
    Statements              306
    Comments                322
    Volume (V)              10168
    Difficulty (D)          64.9
    Effort to implement (E) 659742
    Time to implement (T)   10 hours, 11 minutes
    Est Delivered Bugs (B)  3
    Cyclomatic Complexity   25
    Maintainability (MI)    132

 Segment     Used  Free
-----------  ----  ----
00000-00003     4  0  
00004-00059    86  0  
0005A-007FF  1883  75  
00800-00FFF  1826  222  
01000-017FF     0  2048  
01800-01FFF     0  2048  



